<?xml version="1.0" encoding="UTF-8"?>
<testng-results ignored="0" total="1" passed="1" failed="0" skipped="0">
  <reporter-output>
  </reporter-output>
  <suite started-at="2025-05-17T17:06:47 IST" name="Default suite" finished-at="2025-05-17T17:06:48 IST" duration-ms="149">
    <groups>
    </groups>
    <test started-at="2025-05-17T17:06:47 IST" name="Default test" finished-at="2025-05-17T17:06:48 IST" duration-ms="149">
      <class name="PS1">
        <test-method signature="testRun()[pri:0, instance:PS1@4d18aa28]" started-at="2025-05-17T17:06:47 IST" name="testRun" finished-at="2025-05-17T17:06:48 IST" duration-ms="35" status="PASS">
          <reporter-output>
          </reporter-output>
        </test-method> <!-- testRun -->
      </class> <!-- PS1 -->
    </test> <!-- Default test -->
  </suite> <!-- Default suite -->
</testng-results>
